#
# A fatal error has been detected by the Java Runtime Environment:
#
#  Internal Error (javaClasses.cpp:126), pid=4744, tid=612
#  fatal error: Invalid layout of preloaded class
#
# JRE version:  (8.0_20-b26) (build )
# Java VM: Java HotSpot(TM) Client VM (25.20-b23 mixed mode windows-x86 )
# Failed to write core dump. Minidumps are not enabled by default on client versions of Windows
#
# If you would like to submit a bug report, please visit:
#   http://bugreport.sun.com/bugreport/crash.jsp
#

---------------  T H R E A D  ---------------

Current thread (0x0172bc00):  JavaThread "Unknown thread" [_thread_in_vm, id=612, stack(0x016a0000,0x016f0000)]

Stack: [0x016a0000,0x016f0000],  sp=0x016ef60c,  free space=317k
Native frames: (J=compiled Java code, j=interpreted, Vv=VM code, C=native code)
V  [jvm.dll+0x196ccb]
V  [jvm.dll+0x18fc56]
V  [jvm.dll+0x3b52a]
V  [jvm.dll+0x3b6e0]
V  [jvm.dll+0x4a2a3]
V  [jvm.dll+0x9d44e]
V  [jvm.dll+0x9d712]
V  [jvm.dll+0x144f11]
V  [jvm.dll+0x168e48]
V  [jvm.dll+0xda6d1]
C  [javaw.exe+0x13e4]
C  [javaw.exe+0x1eb7]
C  [javaw.exe+0xaba1]
C  [javaw.exe+0xac2b]
C  [kernel32.dll+0x51174]
C  [ntdll.dll+0x5b3f5]
C  [ntdll.dll+0x5b3c8]
C  0x00000000


---------------  P R O C E S S  ---------------

Java Threads: ( => current thread )

Other Threads:

=>0x0172bc00 (exited) JavaThread "Unknown thread" [_thread_in_vm, id=612, stack(0x016a0000,0x016f0000)]

VM state:not at safepoint (not fully initialized)

VM Mutex/Monitor currently owned by a thread: None

GC Heap History (0 events):
No events

Deoptimization events (0 events):
No events

Internal exceptions (0 events):
No events

Events (10 events):
Event: 0.012 loading class java/lang/CharSequence done
Event: 0.013 loading class java/lang/String done
Event: 0.013 loading class java/lang/Class
Event: 0.013 loading class java/lang/reflect/AnnotatedElement
Event: 0.013 loading class java/lang/reflect/AnnotatedElement done
Event: 0.013 loading class java/lang/reflect/GenericDeclaration
Event: 0.013 loading class java/lang/reflect/GenericDeclaration done
Event: 0.013 loading class java/lang/reflect/Type
Event: 0.013 loading class java/lang/reflect/Type done
Event: 0.013 loading class java/lang/Class done


Dynamic libraries:
0x00220000 - 0x00250000 	C:\Program Files\Java\jre1.8.0_20\bin\javaw.exe
0x76e00000 - 0x76f3c000 	C:\Windows\SYSTEM32\ntdll.dll
0x75c50000 - 0x75d24000 	C:\Windows\system32\kernel32.dll
0x74fd0000 - 0x7501a000 	C:\Windows\system32\KERNELBASE.dll
0x759b0000 - 0x75a50000 	C:\Windows\system32\ADVAPI32.dll
0x76b50000 - 0x76bfc000 	C:\Windows\system32\msvcrt.dll
0x75930000 - 0x75949000 	C:\Windows\SYSTEM32\sechost.dll
0x752e0000 - 0x75381000 	C:\Windows\system32\RPCRT4.dll
0x75d30000 - 0x75df9000 	C:\Windows\system32\USER32.dll
0x75950000 - 0x7599e000 	C:\Windows\system32\GDI32.dll
0x75790000 - 0x7579a000 	C:\Windows\system32\LPK.dll
0x76ab0000 - 0x76b4d000 	C:\Windows\system32\USP10.dll
0x73cc0000 - 0x73e5e000 	C:\Windows\WinSxS\x86_microsoft.windows.common-controls_6595b64144ccf1df_6.0.7600.16385_none_421189da2b7fabfc\COMCTL32.dll
0x76f40000 - 0x76f97000 	C:\Windows\system32\SHLWAPI.dll
0x76a50000 - 0x76a6f000 	C:\Windows\system32\IMM32.DLL
0x756c0000 - 0x7578c000 	C:\Windows\system32\MSCTF.dll
0x51eb0000 - 0x51f6f000 	C:\Program Files\Java\jre1.8.0_20\bin\msvcr100.dll
0x59a70000 - 0x59e12000 	C:\Program Files\Java\jre1.8.0_20\bin\client\jvm.dll
0x5c4e0000 - 0x5c4e7000 	C:\Windows\system32\WSOCK32.dll
0x76a70000 - 0x76aa5000 	C:\Windows\system32\WS2_32.dll
0x759a0000 - 0x759a6000 	C:\Windows\system32\NSI.dll
0x73140000 - 0x73172000 	C:\Windows\system32\WINMM.dll
0x756b0000 - 0x756b5000 	C:\Windows\system32\PSAPI.DLL
0x69eb0000 - 0x69ebc000 	C:\Program Files\Java\jre1.8.0_20\bin\verify.dll
0x61890000 - 0x618b1000 	C:\Program Files\Java\jre1.8.0_20\bin\java.dll
0x618d0000 - 0x618e3000 	C:\Program Files\Java\jre1.8.0_20\bin\zip.dll
0x63be0000 - 0x63ccb000 	C:\Windows\system32\dbghelp.dll

VM Arguments:
jvm_args: -Dfile.encoding=Cp1252 -Xbootclasspath:D:\New folder(3)\adt-bundle-windows-x86-20140321\sdk\platforms\android-19\android.jar 
java_command: com.codesensible.sggsc.Test
java_class_path (initial): C:\Users\Rishabh\workspace1\SGGSC\bin\classes;C:\Users\Rishabh\workspace1\appcompat_v7_3\libs\android-support-v4.jar;C:\Users\Rishabh\workspace1\appcompat_v7_3\libs\android-support-v7-appcompat.jar;C:\Users\Rishabh\workspace1\appcompat_v7_3\bin\appcompat_v7_3.jar
Launcher Type: SUN_STANDARD

Environment Variables:
PATH=C:/Program Files/Java/jre1.8.0_20/bin/client;C:/Program Files/Java/jre1.8.0_20/bin;C:/Program Files/Java/jre1.8.0_20/lib/i386;C:\Program Files\PHP\v5.4;C:\ProgramData\Oracle\Java\javapath;C:\Windows\system32;C:\Windows;C:\Windows\System32\Wbem;C:\Windows\System32\WindowsPowerShell\v1.0\;D:\New folder(3)\adt-bundle-windows-x86-20140321\eclipse;
USERNAME=Rishabh
OS=Windows_NT
PROCESSOR_IDENTIFIER=x86 Family 6 Model 37 Stepping 5, GenuineIntel



---------------  S Y S T E M  ---------------

OS: Windows 7 Build 7600 

CPU:total 4 (2 cores per cpu, 2 threads per core) family 6 model 37 stepping 5, cmov, cx8, fxsr, mmx, sse, sse2, sse3, ssse3, sse4.1, sse4.2, popcnt, ht, tsc, tscinvbit

Memory: 4k page, physical 1955692k(223008k free), swap 5201224k(830948k free)

vm_info: Java HotSpot(TM) Client VM (25.20-b23) for windows-x86 JRE (1.8.0_20-b26), built on Jul 30 2014 18:14:41 by "java_re" with MS VC++ 10.0 (VS2010)

time: Sun Nov 09 01:16:29 2014
elapsed time: 0 seconds (0d 0h 0m 0s)

